mode: set
store/store.go:19.79,25.2 2 1
store/store.go:27.31,29.2 1 0
store/store.go:39.32,51.2 3 1
store/store.go:53.32,56.14 2 1
store/store.go:56.14,57.10 1 1
store/store.go:58.31,60.43 2 1
store/store.go:61.34,63.46 2 1
store/store.go:64.31,66.43 2 1
store/store.go:67.25,68.19 1 0
store/store.go:73.44,75.2 1 1
store/store.go:77.47,79.2 1 1
store/store.go:81.44,83.2 1 1
store/store.go:85.50,88.9 2 1
store/store.go:92.2,96.12 4 1
store/store.go:88.9,90.3 1 0
store/store.go:104.56,107.9 2 1
store/store.go:111.2,112.9 2 1
store/store.go:116.2,116.44 1 1
store/store.go:107.9,109.3 1 0
store/store.go:112.9,114.3 1 1
store/store.go:119.53,122.9 2 1
store/store.go:126.2,128.15 2 1
store/store.go:132.2,133.12 2 1
store/store.go:122.9,124.3 1 0
store/store.go:128.15,130.3 1 1
